<?xml version="1.0" encoding="UTF-8"?>
<!-- Generated by org.testng.reporters.JUnitReportReporter -->
<testsuite hostname="Mahima-Dell" failures="0" tests="3" name="testcases.Login" time="8.189" errors="0" timestamp="12 Sep 2022 23:00:04 GMT" skipped="0">
  <testcase classname="testcases.Login" name="Test1" time="3.028"/>
  <testcase classname="testcases.Login" name="Test2" time="2.538"/>
  <testcase classname="testcases.Login" name="Test3" time="2.623"/>
</testsuite> <!-- testcases.Login -->
